<?xml version="1.0" encoding="UTF-8"?>
<!-- Generated by org.testng.reporters.JUnitReportReporter -->
<testsuite hostname="DELL" failures="0" tests="2" name="actitime1.annotation_usage" time="19.127" errors="0" timestamp="7 Apr 2018 09:21:32 GMT">
  <testcase classname="actitime1.annotation_usage" name="verifyHomePageTest" time="14.900"/>
  <testcase classname="actitime1.annotation_usage" name="verifyLogoTest" time="4.227"/>
</testsuite> <!-- actitime1.annotation_usage -->
