<?xml version="1.0" encoding="UTF-8"?>
<!-- Generated by org.testng.reporters.JUnitReportReporter -->
<testsuite hostname="DELL" failures="0" tests="1" name="pac1.testng1" time="41.077" errors="0" timestamp="4 Apr 2018 02:30:42 GMT">
  <testcase classname="pac1.testng1" name="createcustemerTest" time="41.077"/>
</testsuite> <!-- pac1.testng1 -->
