<?xml version="1.0" encoding="UTF-8"?>
<!-- Generated by org.testng.reporters.JUnitReportReporter -->
<testsuite hostname="DELL" failures="0" tests="3" name="pac1.testing2" time="0.023" errors="0" timestamp="3 Apr 2018 08:09:07 GMT">
  <testcase classname="pac1.testing2" name="deletcustTest" time="0.017"/>
  <testcase classname="pac1.testing2" name="modifycustTest" time="0.003"/>
  <testcase classname="pac1.testing2" name="newcustTest" time="0.003"/>
</testsuite> <!-- pac1.testing2 -->
